#
# There is insufficient memory for the Java Runtime Environment to continue.
# Native memory allocation (malloc) failed to allocate 208048 bytes for Chunk::new
# Possible reasons:
#   The system is out of physical RAM or swap space
#   The process is running with CompressedOops enabled, and the Java Heap may be blocking the growth of the native heap
# Possible solutions:
#   Reduce memory load on the system
#   Increase physical memory or swap space
#   Check if swap backing store is full
#   Decrease Java heap size (-Xmx/-Xms)
#   Decrease number of Java threads
#   Decrease Java thread stack sizes (-Xss)
#   Set larger code cache with -XX:ReservedCodeCacheSize=
#   JVM is running with Zero Based Compressed Oops mode in which the Java heap is
#     placed in the first 32GB address space. The Java Heap base address is the
#     maximum limit for the native heap growth. Please use -XX:HeapBaseMinAddress
#     to set the Java Heap base and to place the Java Heap above 32GB virtual address.
# This output file may be truncated or incomplete.
#
#  Out of Memory Error (arena.cpp:168), pid=24140, tid=14544
#
# JRE version: Java(TM) SE Runtime Environment (21.0.9+7) (build 21.0.9+7-LTS-338)
# Java VM: Java HotSpot(TM) 64-Bit Server VM (21.0.9+7-LTS-338, mixed mode, sharing, tiered, compressed oops, compressed class ptrs, g1 gc, windows-amd64)
# No core dump will be written. Minidumps are not enabled by default on client versions of Windows
#

---------------  S U M M A R Y ------------

Command Line: -javaagent:C:\Program Files\JetBrains\IntelliJ IDEA Community Edition 2025.2.4\lib\idea_rt.jar=60057 -Dfile.encoding=UTF-8 -Dsun.stdout.encoding=UTF-8 -Dsun.stderr.encoding=UTF-8 io.feeflow.FeeflowBackendApplication

Host: 11th Gen Intel(R) Core(TM) i5-11320H @ 3.20GHz, 8 cores, 15G,  Windows 11 , 64 bit Build 26100 (10.0.26100.7920)
Time: Sat Apr  4 09:24:48 2026 India Standard Time elapsed time: 31316.612730 seconds (0d 8h 41m 56s)

---------------  T H R E A D  ---------------

Current thread (0x000001b3ca4ce8e0):  JavaThread "C2 CompilerThread0" daemon [_thread_in_native, id=14544, stack(0x0000000aadf00000,0x0000000aae000000) (1024K)]


Current CompileTask:
C2:31316612 7418       4       sun.nio.ch.SelectorImpl::select (35 bytes)

Stack: [0x0000000aadf00000,0x0000000aae000000]
Native frames: (J=compiled Java code, j=interpreted, Vv=VM code, C=native code)
V  [jvm.dll+0x6cbf89]
V  [jvm.dll+0x858421]
V  [jvm.dll+0x85a94e]
V  [jvm.dll+0x85b023]
V  [jvm.dll+0x27ebc6]
V  [jvm.dll+0xc4f4d]
V  [jvm.dll+0xc5483]
V  [jvm.dll+0x3b69fc]
V  [jvm.dll+0x1e01da]
V  [jvm.dll+0x247792]
V  [jvm.dll+0x246c1f]
V  [jvm.dll+0x1c7a3e]
V  [jvm.dll+0x256329]
V  [jvm.dll+0x2548ba]
V  [jvm.dll+0x3efdee]
V  [jvm.dll+0x80265b]
V  [jvm.dll+0x6ca66d]
C  [ucrtbase.dll+0x37b0]
C  [KERNEL32.DLL+0x2e8d7]
C  [ntdll.dll+0x8c48c]


---------------  P R O C E S S  ---------------

Threads class SMR info:
_java_thread_list=0x000001b4115bd4a0, length=29, elements={
0x000001b3ca4bdd10, 0x000001b3ca4be470, 0x000001b3ca4c3530, 0x000001b3ca4c4ca0,
0x000001b3ca4cbb80, 0x000001b3ca4cd200, 0x000001b3ca4ce8e0, 0x000001b410003850,
0x000001b4101b3320, 0x000001b4102f58e0, 0x000001b4102f5f50, 0x000001b41350f640,
0x000001b4138c48d0, 0x000001b4127515e0, 0x000001b412752300, 0x000001b412751c70,
0x000001b412752990, 0x000001b412753020, 0x000001b4127536b0, 0x000001b4127508c0,
0x000001b412753d40, 0x000001b412750f50, 0x000001b4120774a0, 0x000001b412079c00,
0x000001b412079570, 0x000001b412078850, 0x000001b4120781c0, 0x000001b412078ee0,
0x000001b41207afb0
}

Java Threads: ( => current thread )
  0x000001b3ca4bdd10 JavaThread "Reference Handler"          daemon [_thread_blocked, id=3276, stack(0x0000000aad900000,0x0000000aada00000) (1024K)]
  0x000001b3ca4be470 JavaThread "Finalizer"                  daemon [_thread_blocked, id=11700, stack(0x0000000aada00000,0x0000000aadb00000) (1024K)]
  0x000001b3ca4c3530 JavaThread "Signal Dispatcher"          daemon [_thread_blocked, id=21432, stack(0x0000000aadb00000,0x0000000aadc00000) (1024K)]
  0x000001b3ca4c4ca0 JavaThread "Attach Listener"            daemon [_thread_blocked, id=15576, stack(0x0000000aadc00000,0x0000000aadd00000) (1024K)]
  0x000001b3ca4cbb80 JavaThread "Service Thread"             daemon [_thread_blocked, id=10544, stack(0x0000000aadd00000,0x0000000aade00000) (1024K)]
  0x000001b3ca4cd200 JavaThread "Monitor Deflation Thread"   daemon [_thread_blocked, id=19708, stack(0x0000000aade00000,0x0000000aadf00000) (1024K)]
=>0x000001b3ca4ce8e0 JavaThread "C2 CompilerThread0"         daemon [_thread_in_native, id=14544, stack(0x0000000aadf00000,0x0000000aae000000) (1024K)]
  0x000001b410003850 JavaThread "C1 CompilerThread0"         daemon [_thread_blocked, id=10540, stack(0x0000000aae000000,0x0000000aae100000) (1024K)]
  0x000001b4101b3320 JavaThread "Common-Cleaner"             daemon [_thread_blocked, id=20584, stack(0x0000000aae100000,0x0000000aae200000) (1024K)]
  0x000001b4102f58e0 JavaThread "Monitor Ctrl-Break"         daemon [_thread_in_native, id=25328, stack(0x0000000aae300000,0x0000000aae400000) (1024K)]
  0x000001b4102f5f50 JavaThread "Notification Thread"        daemon [_thread_blocked, id=5612, stack(0x0000000aae400000,0x0000000aae500000) (1024K)]
  0x000001b41350f640 JavaThread "PostgreSQL-JDBC-Cleaner"    daemon [_thread_blocked, id=15900, stack(0x0000000aaef00000,0x0000000aaf000000) (1024K)]
  0x000001b4138c48d0 JavaThread "HikariPool-1 housekeeper"   daemon [_thread_blocked, id=9704, stack(0x0000000aaf000000,0x0000000aaf100000) (1024K)]
  0x000001b4127515e0 JavaThread "Catalina-utility-1"                [_thread_blocked, id=23180, stack(0x0000000aaf200000,0x0000000aaf300000) (1024K)]
  0x000001b412752300 JavaThread "Catalina-utility-2"                [_thread_blocked, id=25020, stack(0x0000000aaf300000,0x0000000aaf400000) (1024K)]
  0x000001b412751c70 JavaThread "container-0"                       [_thread_blocked, id=9420, stack(0x0000000aaf400000,0x0000000aaf500000) (1024K)]
  0x000001b412752990 JavaThread "http-nio-8080-exec-1"       daemon [_thread_blocked, id=22260, stack(0x0000000aaf500000,0x0000000aaf600000) (1024K)]
  0x000001b412753020 JavaThread "http-nio-8080-exec-2"       daemon [_thread_blocked, id=23112, stack(0x0000000aaf600000,0x0000000aaf700000) (1024K)]
  0x000001b4127536b0 JavaThread "http-nio-8080-exec-3"       daemon [_thread_blocked, id=24152, stack(0x0000000aaf700000,0x0000000aaf800000) (1024K)]
  0x000001b4127508c0 JavaThread "http-nio-8080-exec-4"       daemon [_thread_blocked, id=24716, stack(0x0000000aaf800000,0x0000000aaf900000) (1024K)]
  0x000001b412753d40 JavaThread "http-nio-8080-exec-5"       daemon [_thread_blocked, id=22808, stack(0x0000000aaf900000,0x0000000aafa00000) (1024K)]
  0x000001b412750f50 JavaThread "http-nio-8080-exec-6"       daemon [_thread_blocked, id=19068, stack(0x0000000aafa00000,0x0000000aafb00000) (1024K)]
  0x000001b4120774a0 JavaThread "http-nio-8080-exec-7"       daemon [_thread_blocked, id=24400, stack(0x0000000aafb00000,0x0000000aafc00000) (1024K)]
  0x000001b412079c00 JavaThread "http-nio-8080-exec-8"       daemon [_thread_blocked, id=25312, stack(0x0000000aafc00000,0x0000000aafd00000) (1024K)]
  0x000001b412079570 JavaThread "http-nio-8080-exec-9"       daemon [_thread_blocked, id=11168, stack(0x0000000aafd00000,0x0000000aafe00000) (1024K)]
  0x000001b412078850 JavaThread "http-nio-8080-exec-10"      daemon [_thread_blocked, id=6084, stack(0x0000000aafe00000,0x0000000aaff00000) (1024K)]
  0x000001b4120781c0 JavaThread "http-nio-8080-Poller"       daemon [_thread_in_native, id=22348, stack(0x0000000aaff00000,0x0000000ab0000000) (1024K)]
  0x000001b412078ee0 JavaThread "http-nio-8080-Acceptor"     daemon [_thread_in_native, id=6704, stack(0x0000000ab0000000,0x0000000ab0100000) (1024K)]
  0x000001b41207afb0 JavaThread "DestroyJavaVM"                     [_thread_blocked, id=8272, stack(0x0000000aad100000,0x0000000aad200000) (1024K)]
Total: 29

Other Threads:
  0x000001b3ca4a0eb0 VMThread "VM Thread"                           [id=19776, stack(0x0000000aad800000,0x0000000aad900000) (1024K)]
  0x000001b3ca490080 WatcherThread "VM Periodic Task Thread"        [id=13524, stack(0x0000000aad700000,0x0000000aad800000) (1024K)]
  0x000001b3aba3cb60 WorkerThread "GC Thread#0"                     [id=24848, stack(0x0000000aad200000,0x0000000aad300000) (1024K)]
  0x000001b411243770 WorkerThread "GC Thread#1"                     [id=8388, stack(0x0000000aae600000,0x0000000aae700000) (1024K)]
  0x000001b4114ea010 WorkerThread "GC Thread#2"                     [id=10196, stack(0x0000000aae700000,0x0000000aae800000) (1024K)]
  0x000001b4109c8820 WorkerThread "GC Thread#3"                     [id=6284, stack(0x0000000aae800000,0x0000000aae900000) (1024K)]
  0x000001b4109c8bd0 WorkerThread "GC Thread#4"                     [id=25056, stack(0x0000000aae900000,0x0000000aaea00000) (1024K)]
  0x000001b4106cd580 WorkerThread "GC Thread#5"                     [id=10768, stack(0x0000000aaea00000,0x0000000aaeb00000) (1024K)]
  0x000001b411450c10 WorkerThread "GC Thread#6"                     [id=15908, stack(0x0000000aaec00000,0x0000000aaed00000) (1024K)]
  0x000001b411450fc0 WorkerThread "GC Thread#7"                     [id=14028, stack(0x0000000aaed00000,0x0000000aaee00000) (1024K)]
  0x000001b3aba4e200 ConcurrentGCThread "G1 Main Marker"            [id=9936, stack(0x0000000aad300000,0x0000000aad400000) (1024K)]
  0x000001b3aba4f780 WorkerThread "G1 Conc#0"                       [id=24784, stack(0x0000000aad400000,0x0000000aad500000) (1024K)]
  0x000001b41132b230 WorkerThread "G1 Conc#1"                       [id=16164, stack(0x0000000aaee00000,0x0000000aaef00000) (1024K)]
  0x000001b3ca357050 ConcurrentGCThread "G1 Refine#0"               [id=22788, stack(0x0000000aad500000,0x0000000aad600000) (1024K)]
  0x000001b3ca3584a0 ConcurrentGCThread "G1 Service"                [id=7964, stack(0x0000000aad600000,0x0000000aad700000) (1024K)]
Total: 15

Threads with active compile tasks:
C2 CompilerThread0  31316656 7418       4       sun.nio.ch.SelectorImpl::select (35 bytes)
Total: 1

VM state: not at safepoint (normal execution)

VM Mutex/Monitor currently owned by a thread: None

Heap address: 0x0000000703600000, size: 4042 MB, Compressed Oops mode: Zero based, Oop shift amount: 3

CDS archive(s) mapped at: [0x000001b3cb000000-0x000001b3cbc90000-0x000001b3cbc90000), size 13172736, SharedBaseAddress: 0x000001b3cb000000, ArchiveRelocationMode: 1.
Compressed class space mapped at: 0x000001b3cc000000-0x000001b40c000000, reserved size: 1073741824
Narrow klass base: 0x000001b3cb000000, Narrow klass shift: 0, Narrow klass range: 0x100000000

GC Precious Log:
 CardTable entry size: 512
 Card Set container configuration: InlinePtr #cards 4 size 8 Array Of Cards #cards 16 size 48 Howl #buckets 8 coarsen threshold 3686 Howl Bitmap #cards 512 size 80 coarsen threshold 460 Card regions per heap region 1 cards per card region 4096
 CPUs: 8 total, 8 available
 Memory: 16167M
 Large Page Support: Disabled
 NUMA Support: Disabled
 Compressed Oops: Enabled (Zero based)
 Heap Region Size: 2M
 Heap Min Capacity: 8M
 Heap Initial Capacity: 254M
 Heap Max Capacity: 4042M
 Pre-touch: Disabled
 Parallel Workers: 8
 Concurrent Workers: 2
 Concurrent Refinement Workers: 8
 Periodic GC: Disabled

Heap:
 garbage-first heap   total 96256K, used 67658K [0x0000000703600000, 0x0000000800000000)
  region size 2048K, 23 young (47104K), 4 survivors (8192K)
 Metaspace       used 83775K, committed 84544K, reserved 1179648K
  class space    used 11299K, committed 11648K, reserved 1048576K

Heap Regions: E=young(eden), S=young(survivor), O=old, HS=humongous(starts), HC=humongous(continues), CS=collection set, F=free, TAMS=top-at-mark-start, PB=parsable bottom
|   0|0x0000000703600000, 0x0000000703800000, 0x0000000703800000|100%| O|  |TAMS 0x0000000703600000| PB 0x0000000703600000| Untracked 
|   1|0x0000000703800000, 0x0000000703a00000, 0x0000000703a00000|100%| O|  |TAMS 0x0000000703800000| PB 0x0000000703800000| Untracked 
|   2|0x0000000703a00000, 0x0000000703c00000, 0x0000000703c00000|100%| O|  |TAMS 0x0000000703a00000| PB 0x0000000703a00000| Untracked 
|   3|0x0000000703c00000, 0x0000000703dfbc88, 0x0000000703e00000| 99%| O|  |TAMS 0x0000000703c00000| PB 0x0000000703c00000| Untracked 
|   4|0x0000000703e00000, 0x0000000704000000, 0x0000000704000000|100%| O|  |TAMS 0x0000000703e00000| PB 0x0000000703e00000| Untracked 
|   5|0x0000000704000000, 0x0000000704200000, 0x0000000704200000|100%| O|  |TAMS 0x0000000704000000| PB 0x0000000704000000| Untracked 
|   6|0x0000000704200000, 0x0000000704400000, 0x0000000704400000|100%| O|  |TAMS 0x0000000704200000| PB 0x0000000704200000| Untracked 
|   7|0x0000000704400000, 0x0000000704600000, 0x0000000704600000|100%| O|  |TAMS 0x0000000704400000| PB 0x0000000704400000| Untracked 
|   8|0x0000000704600000, 0x0000000704800000, 0x0000000704800000|100%| O|  |TAMS 0x0000000704600000| PB 0x0000000704600000| Untracked 
|   9|0x0000000704800000, 0x0000000704a00000, 0x0000000704a00000|100%| O|  |TAMS 0x0000000704800000| PB 0x0000000704800000| Untracked 
|  10|0x0000000704a00000, 0x0000000704c00000, 0x0000000704c00000|100%| O|  |TAMS 0x0000000704a00000| PB 0x0000000704a00000| Untracked 
|  11|0x0000000704c00000, 0x0000000704e00000, 0x0000000704e00000|100%| O|  |TAMS 0x0000000704c00000| PB 0x0000000704c00000| Untracked 
|  12|0x0000000704e00000, 0x0000000704efefe0, 0x0000000705000000| 49%| O|  |TAMS 0x0000000704e00000| PB 0x0000000704e00000| Untracked 
|  13|0x0000000705000000, 0x0000000705000000, 0x0000000705200000|  0%| F|  |TAMS 0x0000000705000000| PB 0x0000000705000000| Untracked 
|  14|0x0000000705200000, 0x0000000705200000, 0x0000000705400000|  0%| F|  |TAMS 0x0000000705200000| PB 0x0000000705200000| Untracked 
|  15|0x0000000705400000, 0x0000000705400000, 0x0000000705600000|  0%| F|  |TAMS 0x0000000705400000| PB 0x0000000705400000| Untracked 
|  16|0x0000000705600000, 0x0000000705600000, 0x0000000705800000|  0%| F|  |TAMS 0x0000000705600000| PB 0x0000000705600000| Untracked 
|  17|0x0000000705800000, 0x0000000705800000, 0x0000000705a00000|  0%| F|  |TAMS 0x0000000705800000| PB 0x0000000705800000| Untracked 
|  18|0x0000000705a00000, 0x0000000705a00000, 0x0000000705c00000|  0%| F|  |TAMS 0x0000000705a00000| PB 0x0000000705a00000| Untracked 
|  19|0x0000000705c00000, 0x0000000705d17d80, 0x0000000705e00000| 54%| S|CS|TAMS 0x0000000705c00000| PB 0x0000000705c00000| Complete 
|  20|0x0000000705e00000, 0x0000000706000000, 0x0000000706000000|100%| S|CS|TAMS 0x0000000705e00000| PB 0x0000000705e00000| Complete 
|  21|0x0000000706000000, 0x0000000706200000, 0x0000000706200000|100%| S|CS|TAMS 0x0000000706000000| PB 0x0000000706000000| Complete 
|  22|0x0000000706200000, 0x0000000706400000, 0x0000000706400000|100%| S|CS|TAMS 0x0000000706200000| PB 0x0000000706200000| Complete 
|  23|0x0000000706400000, 0x0000000706400000, 0x0000000706600000|  0%| F|  |TAMS 0x0000000706400000| PB 0x0000000706400000| Untracked 
|  24|0x0000000706600000, 0x0000000706600000, 0x0000000706800000|  0%| F|  |TAMS 0x0000000706600000| PB 0x0000000706600000| Untracked 
|  25|0x0000000706800000, 0x0000000706800000, 0x0000000706a00000|  0%| F|  |TAMS 0x0000000706800000| PB 0x0000000706800000| Untracked 
|  26|0x0000000706a00000, 0x0000000706a00000, 0x0000000706c00000|  0%| F|  |TAMS 0x0000000706a00000| PB 0x0000000706a00000| Untracked 
|  27|0x0000000706c00000, 0x0000000706c00000, 0x0000000706e00000|  0%| F|  |TAMS 0x0000000706c00000| PB 0x0000000706c00000| Untracked 
|  28|0x0000000706e00000, 0x0000000706ed13f8, 0x0000000707000000| 40%| E|  |TAMS 0x0000000706e00000| PB 0x0000000706e00000| Complete 
|  29|0x0000000707000000, 0x0000000707200000, 0x0000000707200000|100%| E|CS|TAMS 0x0000000707000000| PB 0x0000000707000000| Complete 
|  30|0x0000000707200000, 0x0000000707400000, 0x0000000707400000|100%| E|CS|TAMS 0x0000000707200000| PB 0x0000000707200000| Complete 
|  31|0x0000000707400000, 0x0000000707600000, 0x0000000707600000|100%| E|CS|TAMS 0x0000000707400000| PB 0x0000000707400000| Complete 
|  32|0x0000000707600000, 0x0000000707800000, 0x0000000707800000|100%| E|CS|TAMS 0x0000000707600000| PB 0x0000000707600000| Complete 
|  33|0x0000000707800000, 0x0000000707a00000, 0x0000000707a00000|100%| E|CS|TAMS 0x0000000707800000| PB 0x0000000707800000| Complete 
|  34|0x0000000707a00000, 0x0000000707c00000, 0x0000000707c00000|100%| E|  |TAMS 0x0000000707a00000| PB 0x0000000707a00000| Complete 
|  35|0x0000000707c00000, 0x0000000707e00000, 0x0000000707e00000|100%| E|CS|TAMS 0x0000000707c00000| PB 0x0000000707c00000| Complete 
|  36|0x0000000707e00000, 0x0000000708000000, 0x0000000708000000|100%| E|CS|TAMS 0x0000000707e00000| PB 0x0000000707e00000| Complete 
|  37|0x0000000708000000, 0x0000000708200000, 0x0000000708200000|100%| E|CS|TAMS 0x0000000708000000| PB 0x0000000708000000| Complete 
|  38|0x0000000708200000, 0x0000000708400000, 0x0000000708400000|100%| E|CS|TAMS 0x0000000708200000| PB 0x0000000708200000| Complete 
|  39|0x0000000708400000, 0x0000000708600000, 0x0000000708600000|100%| E|CS|TAMS 0x0000000708400000| PB 0x0000000708400000| Complete 
|  40|0x0000000708600000, 0x0000000708800000, 0x0000000708800000|100%| E|CS|TAMS 0x0000000708600000| PB 0x0000000708600000| Complete 
|  41|0x0000000708800000, 0x0000000708a00000, 0x0000000708a00000|100%| E|CS|TAMS 0x0000000708800000| PB 0x0000000708800000| Complete 
|  42|0x0000000708a00000, 0x0000000708c00000, 0x0000000708c00000|100%| E|CS|TAMS 0x0000000708a00000| PB 0x0000000708a00000| Complete 
|  43|0x0000000708c00000, 0x0000000708e00000, 0x0000000708e00000|100%| E|CS|TAMS 0x0000000708c00000| PB 0x0000000708c00000| Complete 
|  59|0x000000070ac00000, 0x000000070ae00000, 0x000000070ae00000|100%| E|CS|TAMS 0x000000070ac00000| PB 0x000000070ac00000| Complete 
|  60|0x000000070ae00000, 0x000000070b000000, 0x000000070b000000|100%| E|CS|TAMS 0x000000070ae00000| PB 0x000000070ae00000| Complete 
| 126|0x0000000713200000, 0x0000000713400000, 0x0000000713400000|100%| E|CS|TAMS 0x0000000713200000| PB 0x0000000713200000| Complete 

Card table byte_map: [0x000001b3c3990000,0x000001b3c4180000] _byte_map_base: 0x000001b3c0175000

Marking Bits: (CMBitMap*) 0x000001b3aba3d170
 Bits: [0x000001b3c4180000, 0x000001b3c80a8000)

Polling page: 0x000001b3a98d0000

Metaspace:

Usage:
  Non-class:     70.78 MB used.
      Class:     11.03 MB used.
       Both:     81.81 MB used.

Virtual space:
  Non-class space:      128.00 MB reserved,      71.19 MB ( 56%) committed,  2 nodes.
      Class space:        1.00 GB reserved,      11.38 MB (  1%) committed,  1 nodes.
             Both:        1.12 GB reserved,      82.56 MB (  7%) committed. 

Chunk freelists:
   Non-Class:  8.70 MB
       Class:  4.47 MB
        Both:  13.17 MB

MaxMetaspaceSize: unlimited
CompressedClassSpaceSize: 1.00 GB
Initial GC threshold: 21.00 MB
Current GC threshold: 99.50 MB
CDS: on
 - commit_granule_bytes: 65536.
 - commit_granule_words: 8192.
 - virtual_space_node_default_size: 8388608.
 - enlarge_chunks_in_place: 1.
 - use_allocation_guard: 0.


Internal statistics:

num_allocs_failed_limit: 14.
num_arena_births: 1160.
num_arena_deaths: 0.
num_vsnodes_births: 3.
num_vsnodes_deaths: 0.
num_space_committed: 1321.
num_space_uncommitted: 0.
num_chunks_returned_to_freelist: 14.
num_chunks_taken_from_freelist: 4128.
num_chunk_merges: 14.
num_chunk_splits: 2979.
num_chunks_enlarged: 2294.
num_inconsistent_stats: 0.

CodeHeap 'non-profiled nmethods': size=120000Kb used=5301Kb max_used=5301Kb free=114698Kb
 bounds [0x000001b3bb940000, 0x000001b3bbe70000, 0x000001b3c2e70000]
CodeHeap 'profiled nmethods': size=120000Kb used=12565Kb max_used=12565Kb free=107434Kb
 bounds [0x000001b3b3e70000, 0x000001b3b4ac0000, 0x000001b3bb3a0000]
CodeHeap 'non-nmethods': size=5760Kb used=1991Kb max_used=2057Kb free=3768Kb
 bounds [0x000001b3bb3a0000, 0x000001b3bb610000, 0x000001b3bb940000]
 total_blobs=7483 nmethods=6705 adapters=681
 compilation: enabled
              stopped_count=0, restarted_count=0
 full_count=0

Compilation events (20 events):
Event: 29727.679 Thread 0x000001b410003850 nmethod 7408 0x000001b3b4ab1210 code [0x000001b3b4ab1400, 0x000001b3b4ab1ae0]
Event: 30318.062 Thread 0x000001b3ca4ce8e0 7409   !   4       java.util.concurrent.locks.AbstractQueuedSynchronizer$ConditionObject::await (185 bytes)
Event: 30318.121 Thread 0x000001b3ca4ce8e0 nmethod 7409 0x000001b3bbe69510 code [0x000001b3bbe697c0, 0x000001b3bbe6a898]
Event: 30858.445 Thread 0x000001b3ca4ce8e0 7410       4       java.util.TreeSet::add (22 bytes)
Event: 30858.475 Thread 0x000001b3ca4ce8e0 nmethod 7410 0x000001b3bbe6b210 code [0x000001b3bbe6b440, 0x000001b3bbe6be48]
Event: 30866.656 Thread 0x000001b410003850 7411       3       java.util.concurrent.FutureTask::isDone (13 bytes)
Event: 30866.656 Thread 0x000001b410003850 nmethod 7411 0x000001b3b4ab1c10 code [0x000001b3b4ab1da0, 0x000001b3b4ab1f08]
Event: 30886.215 Thread 0x000001b410003850 7412   !   3       java.lang.ref.ReferenceQueue::remove (61 bytes)
Event: 30886.217 Thread 0x000001b410003850 nmethod 7412 0x000001b3b4ab1f90 code [0x000001b3b4ab2220, 0x000001b3b4ab2df8]
Event: 30886.217 Thread 0x000001b410003850 7413       3       java.lang.ref.ReferenceQueue::remove0 (64 bytes)
Event: 30886.218 Thread 0x000001b410003850 nmethod 7413 0x000001b3b4ab3190 code [0x000001b3b4ab33a0, 0x000001b3b4ab3838]
Event: 30946.270 Thread 0x000001b410003850 7415       3       java.util.concurrent.locks.AbstractQueuedSynchronizer$ConditionObject::await (207 bytes)
Event: 30946.272 Thread 0x000001b410003850 nmethod 7415 0x000001b3b4ab3990 code [0x000001b3b4ab3ca0, 0x000001b3b4ab4be8]
Event: 30946.273 Thread 0x000001b410003850 7414       3       java.lang.ref.ReferenceQueue::await (15 bytes)
Event: 30946.273 Thread 0x000001b410003850 nmethod 7414 0x000001b3b4ab5210 code [0x000001b3b4ab53c0, 0x000001b3b4ab5568]
Event: 31198.661 Thread 0x000001b3ca4ce8e0 7416       4       org.apache.catalina.util.LifecycleBase::fireLifecycleEvent (56 bytes)
Event: 31198.670 Thread 0x000001b3ca4ce8e0 nmethod 7416 0x000001b3bbe6c410 code [0x000001b3bbe6c5c0, 0x000001b3bbe6c898]
Event: 31313.505 Thread 0x000001b3ca4ce8e0 7417       4       sun.nio.ch.WEPollSelectorImpl::processEvents (152 bytes)
Event: 31313.519 Thread 0x000001b3ca4ce8e0 nmethod 7417 0x000001b3bbe6cb10 code [0x000001b3bbe6cd40, 0x000001b3bbe6d148]
Event: 31313.519 Thread 0x000001b3ca4ce8e0 7418       4       sun.nio.ch.SelectorImpl::select (35 bytes)

GC Heap History (20 events):
Event: 2.500 GC heap before
{Heap before GC invocations=4 (full 0):
 garbage-first heap   total 55296K, used 40612K [0x0000000703600000, 0x0000000800000000)
  region size 2048K, 16 young (32768K), 3 survivors (6144K)
 Metaspace       used 24745K, committed 25088K, reserved 1114112K
  class space    used 3116K, committed 3264K, reserved 1048576K
}
Event: 2.509 GC heap after
{Heap after GC invocations=5 (full 0):
 garbage-first heap   total 55296K, used 16360K [0x0000000703600000, 0x0000000800000000)
  region size 2048K, 2 young (4096K), 2 survivors (4096K)
 Metaspace       used 24745K, committed 25088K, reserved 1114112K
  class space    used 3116K, committed 3264K, reserved 1048576K
}
Event: 3.448 GC heap before
{Heap before GC invocations=5 (full 0):
 garbage-first heap   total 55296K, used 38888K [0x0000000703600000, 0x0000000800000000)
  region size 2048K, 13 young (26624K), 2 survivors (4096K)
 Metaspace       used 28660K, committed 29120K, reserved 1114112K
  class space    used 3648K, committed 3840K, reserved 1048576K
}
Event: 3.459 GC heap after
{Heap after GC invocations=6 (full 0):
 garbage-first heap   total 55296K, used 17820K [0x0000000703600000, 0x0000000800000000)
  region size 2048K, 2 young (4096K), 2 survivors (4096K)
 Metaspace       used 28660K, committed 29120K, reserved 1114112K
  class space    used 3648K, committed 3840K, reserved 1048576K
}
Event: 4.431 GC heap before
{Heap before GC invocations=6 (full 0):
 garbage-first heap   total 55296K, used 40348K [0x0000000703600000, 0x0000000800000000)
  region size 2048K, 13 young (26624K), 2 survivors (4096K)
 Metaspace       used 33081K, committed 33664K, reserved 1114112K
  class space    used 4218K, committed 4480K, reserved 1048576K
}
Event: 4.447 GC heap after
{Heap after GC invocations=7 (full 0):
 garbage-first heap   total 55296K, used 19653K [0x0000000703600000, 0x0000000800000000)
  region size 2048K, 2 young (4096K), 2 survivors (4096K)
 Metaspace       used 33081K, committed 33664K, reserved 1114112K
  class space    used 4218K, committed 4480K, reserved 1048576K
}
Event: 5.076 GC heap before
{Heap before GC invocations=7 (full 0):
 garbage-first heap   total 55296K, used 36037K [0x0000000703600000, 0x0000000800000000)
  region size 2048K, 11 young (22528K), 2 survivors (4096K)
 Metaspace       used 35661K, committed 36160K, reserved 1114112K
  class space    used 4586K, committed 4800K, reserved 1048576K
}
Event: 5.089 GC heap after
{Heap after GC invocations=8 (full 0):
 garbage-first heap   total 55296K, used 20627K [0x0000000703600000, 0x0000000800000000)
  region size 2048K, 2 young (4096K), 2 survivors (4096K)
 Metaspace       used 35661K, committed 36160K, reserved 1114112K
  class space    used 4586K, committed 4800K, reserved 1048576K
}
Event: 6.193 GC heap before
{Heap before GC invocations=9 (full 0):
 garbage-first heap   total 55296K, used 43155K [0x0000000703600000, 0x0000000800000000)
  region size 2048K, 13 young (26624K), 2 survivors (4096K)
 Metaspace       used 41765K, committed 42432K, reserved 1114112K
  class space    used 5352K, committed 5632K, reserved 1048576K
}
Event: 6.203 GC heap after
{Heap after GC invocations=10 (full 0):
 garbage-first heap   total 55296K, used 22528K [0x0000000703600000, 0x0000000800000000)
  region size 2048K, 2 young (4096K), 2 survivors (4096K)
 Metaspace       used 41765K, committed 42432K, reserved 1114112K
  class space    used 5352K, committed 5632K, reserved 1048576K
}
Event: 6.890 GC heap before
{Heap before GC invocations=10 (full 0):
 garbage-first heap   total 55296K, used 45056K [0x0000000703600000, 0x0000000800000000)
  region size 2048K, 13 young (26624K), 2 survivors (4096K)
 Metaspace       used 46896K, committed 47552K, reserved 1114112K
  class space    used 6194K, committed 6464K, reserved 1048576K
}
Event: 6.898 GC heap after
{Heap after GC invocations=11 (full 0):
 garbage-first heap   total 55296K, used 23579K [0x0000000703600000, 0x0000000800000000)
  region size 2048K, 2 young (4096K), 2 survivors (4096K)
 Metaspace       used 46896K, committed 47552K, reserved 1114112K
  class space    used 6194K, committed 6464K, reserved 1048576K
}
Event: 7.330 GC heap before
{Heap before GC invocations=11 (full 0):
 garbage-first heap   total 55296K, used 44059K [0x0000000703600000, 0x0000000800000000)
  region size 2048K, 12 young (24576K), 2 survivors (4096K)
 Metaspace       used 51661K, committed 52288K, reserved 1114112K
  class space    used 6806K, committed 7104K, reserved 1048576K
}
Event: 7.336 GC heap after
{Heap after GC invocations=12 (full 0):
 garbage-first heap   total 157696K, used 24559K [0x0000000703600000, 0x0000000800000000)
  region size 2048K, 1 young (2048K), 1 survivors (2048K)
 Metaspace       used 51661K, committed 52288K, reserved 1114112K
  class space    used 6806K, committed 7104K, reserved 1048576K
}
Event: 7.933 GC heap before
{Heap before GC invocations=12 (full 0):
 garbage-first heap   total 157696K, used 53231K [0x0000000703600000, 0x0000000800000000)
  region size 2048K, 17 young (34816K), 1 survivors (2048K)
 Metaspace       used 59974K, committed 60608K, reserved 1114112K
  class space    used 8123K, committed 8384K, reserved 1048576K
}
Event: 7.938 GC heap after
{Heap after GC invocations=13 (full 0):
 garbage-first heap   total 157696K, used 25663K [0x0000000703600000, 0x0000000800000000)
  region size 2048K, 2 young (4096K), 2 survivors (4096K)
 Metaspace       used 59974K, committed 60608K, reserved 1114112K
  class space    used 8123K, committed 8384K, reserved 1048576K
}
Event: 9.100 GC heap before
{Heap before GC invocations=14 (full 0):
 garbage-first heap   total 96256K, used 78911K [0x0000000703600000, 0x0000000800000000)
  region size 2048K, 28 young (57344K), 2 survivors (4096K)
 Metaspace       used 68476K, committed 69184K, reserved 1114112K
  class space    used 9342K, committed 9664K, reserved 1048576K
}
Event: 9.107 GC heap after
{Heap after GC invocations=15 (full 0):
 garbage-first heap   total 96256K, used 29416K [0x0000000703600000, 0x0000000800000000)
  region size 2048K, 4 young (8192K), 4 survivors (8192K)
 Metaspace       used 68476K, committed 69184K, reserved 1114112K
  class space    used 9342K, committed 9664K, reserved 1048576K
}
Event: 17.193 GC heap before
{Heap before GC invocations=15 (full 0):
 garbage-first heap   total 96256K, used 76520K [0x0000000703600000, 0x0000000800000000)
  region size 2048K, 28 young (57344K), 4 survivors (8192K)
 Metaspace       used 74861K, committed 75712K, reserved 1179648K
  class space    used 10219K, committed 10624K, reserved 1048576K
}
Event: 17.204 GC heap after
{Heap after GC invocations=16 (full 0):
 garbage-first heap   total 96256K, used 32842K [0x0000000703600000, 0x0000000800000000)
  region size 2048K, 4 young (8192K), 4 survivors (8192K)
 Metaspace       used 74861K, committed 75712K, reserved 1179648K
  class space    used 10219K, committed 10624K, reserved 1048576K
}

Dll operation events (13 events):
Event: 0.008 Loaded shared library C:\Program Files\Java\jdk-21\bin\java.dll
Event: 0.033 Loaded shared library C:\Program Files\Java\jdk-21\bin\jsvml.dll
Event: 0.108 Loaded shared library C:\Program Files\Java\jdk-21\bin\zip.dll
Event: 0.111 Loaded shared library C:\Program Files\Java\jdk-21\bin\instrument.dll
Event: 0.115 Loaded shared library C:\Program Files\Java\jdk-21\bin\net.dll
Event: 0.117 Loaded shared library C:\Program Files\Java\jdk-21\bin\nio.dll
Event: 0.119 Loaded shared library C:\Program Files\Java\jdk-21\bin\zip.dll
Event: 0.202 Loaded shared library C:\Program Files\Java\jdk-21\bin\extnet.dll
Event: 0.221 Loaded shared library C:\Program Files\Java\jdk-21\bin\jimage.dll
Event: 1.611 Loaded shared library C:\Program Files\Java\jdk-21\bin\sunmscapi.dll
Event: 4.251 Loaded shared library C:\Program Files\Java\jdk-21\bin\management.dll
Event: 4.255 Loaded shared library C:\Program Files\Java\jdk-21\bin\management_ext.dll
Event: 6.524 Loaded shared library C:\Program Files\Java\jdk-21\bin\verify.dll

Deoptimization events (20 events):
Event: 29377.411 Thread 0x000001b4127515e0 Uncommon trap: trap_request=0xffffff76 fr.pc=0x000001b3bbe653d8 relative=0x0000000000000238
Event: 29377.411 Thread 0x000001b4127515e0 Uncommon trap: reason=predicate action=maybe_recompile pc=0x000001b3bbe653d8 method=java.util.HashMap.valuesToArray([Ljava/lang/Object;)[Ljava/lang/Object; @ 48 c2
Event: 29377.411 Thread 0x000001b4127515e0 DEOPT PACKING pc=0x000001b3bbe653d8 sp=0x0000000aaf2ff000
Event: 29377.411 Thread 0x000001b4127515e0 DEOPT UNPACKING pc=0x000001b3bb3f7da2 sp=0x0000000aaf2fef98 mode 2
Event: 29577.548 Thread 0x000001b4127515e0 Uncommon trap: trap_request=0xffffffd6 fr.pc=0x000001b3bbe65f48 relative=0x0000000000000488
Event: 29577.548 Thread 0x000001b4127515e0 Uncommon trap: reason=array_check action=maybe_recompile pc=0x000001b3bbe65f48 method=java.util.HashMap.valuesToArray([Ljava/lang/Object;)[Ljava/lang/Object; @ 62 c2
Event: 29577.548 Thread 0x000001b4127515e0 DEOPT PACKING pc=0x000001b3bbe65f48 sp=0x0000000aaf2fef20
Event: 29577.548 Thread 0x000001b4127515e0 DEOPT UNPACKING pc=0x000001b3bb3f7da2 sp=0x0000000aaf2feeb8 mode 2
Event: 29577.549 Thread 0x000001b4127515e0 Uncommon trap: trap_request=0xffffffd6 fr.pc=0x000001b3bbe65f48 relative=0x0000000000000488
Event: 29577.549 Thread 0x000001b4127515e0 Uncommon trap: reason=array_check action=maybe_recompile pc=0x000001b3bbe65f48 method=java.util.HashMap.valuesToArray([Ljava/lang/Object;)[Ljava/lang/Object; @ 62 c2
Event: 29577.549 Thread 0x000001b4127515e0 DEOPT PACKING pc=0x000001b3bbe65f48 sp=0x0000000aaf2fee50
Event: 29577.549 Thread 0x000001b4127515e0 DEOPT UNPACKING pc=0x000001b3bb3f7da2 sp=0x0000000aaf2fede8 mode 2
Event: 29587.557 Thread 0x000001b412752300 Uncommon trap: trap_request=0xffffffd6 fr.pc=0x000001b3bbe65f48 relative=0x0000000000000488
Event: 29587.557 Thread 0x000001b412752300 Uncommon trap: reason=array_check action=maybe_recompile pc=0x000001b3bbe65f48 method=java.util.HashMap.valuesToArray([Ljava/lang/Object;)[Ljava/lang/Object; @ 62 c2
Event: 29587.557 Thread 0x000001b412752300 DEOPT PACKING pc=0x000001b3bbe65f48 sp=0x0000000aaf3ff0c0
Event: 29587.557 Thread 0x000001b412752300 DEOPT UNPACKING pc=0x000001b3bb3f7da2 sp=0x0000000aaf3ff058 mode 2
Event: 29587.557 Thread 0x000001b412752300 Uncommon trap: trap_request=0xffffffd6 fr.pc=0x000001b3bbe65f48 relative=0x0000000000000488
Event: 29587.557 Thread 0x000001b412752300 Uncommon trap: reason=array_check action=maybe_recompile pc=0x000001b3bbe65f48 method=java.util.HashMap.valuesToArray([Ljava/lang/Object;)[Ljava/lang/Object; @ 62 c2
Event: 29587.557 Thread 0x000001b412752300 DEOPT PACKING pc=0x000001b3bbe65f48 sp=0x0000000aaf3feff0
Event: 29587.557 Thread 0x000001b412752300 DEOPT UNPACKING pc=0x000001b3bb3f7da2 sp=0x0000000aaf3fef88 mode 2

Classes loaded (20 events):
Event: 20.100 Loading class sun/security/ssl/PostHandshakeContext
Event: 20.100 Loading class sun/security/ssl/PostHandshakeContext done
Event: 20.101 Loading class sun/security/ssl/NewSessionTicket$T13NewSessionTicketMessage
Event: 20.101 Loading class sun/security/ssl/NewSessionTicket$NewSessionTicketMessage
Event: 20.101 Loading class sun/security/ssl/NewSessionTicket$NewSessionTicketMessage done
Event: 20.101 Loading class sun/security/ssl/NewSessionTicket$T13NewSessionTicketMessage done
Event: 23.476 Loading class sun/security/ssl/Alert
Event: 23.486 Loading class sun/security/ssl/Alert done
Event: 23.487 Loading class sun/security/ssl/Alert$AlertConsumer
Event: 23.487 Loading class sun/security/ssl/Alert$AlertConsumer done
Event: 23.488 Loading class sun/security/ssl/Alert$Level
Event: 23.488 Loading class sun/security/ssl/Alert$Level done
Event: 23.497 Loading class java/util/stream/DoubleStream
Event: 23.498 Loading class java/util/stream/DoubleStream done
Event: 253.126 Loading class java/util/ArrayList$SubList$2
Event: 253.136 Loading class java/util/ArrayList$SubList$2 done
Event: 303.277 Loading class java/io/SequenceInputStream
Event: 303.277 Loading class java/io/SequenceInputStream done
Event: 303.329 Loading class java/security/interfaces/EdECKey
Event: 303.330 Loading class java/security/interfaces/EdECKey done

Classes unloaded (0 events):
No events

Classes redefined (0 events):
No events

Internal exceptions (20 events):
Event: 17.230 Thread 0x000001b412752990 Exception <a 'java/lang/NoSuchMethodError'{0x00000007132b0ce8}: 'void java.lang.invoke.DirectMethodHandle$Holder.invokeSpecialIFC(java.lang.Object, java.lang.Object, int, java.lang.Object, java.lang.Object, java.lang.Object, java.lang.Object)'> (0x00000007132b0ce8) 
thrown [s\open\src\hotspot\share\interpreter\linkResolver.cpp, line 773]
Event: 17.335 Thread 0x000001b412752990 Exception <a 'java/lang/IncompatibleClassChangeError'{0x000000070aeca610}: Found class java.lang.Object, but interface was expected> (0x000000070aeca610) 
thrown [s\open\src\hotspot\share\interpreter\linkResolver.cpp, line 840]
Event: 17.450 Thread 0x000001b412752990 Exception <a 'java/lang/NoSuchMethodError'{0x000000070ad221e0}: 'int java.lang.invoke.DirectMethodHandle$Holder.invokeStatic(java.lang.Object, java.lang.Object, int, java.lang.Object)'> (0x000000070ad221e0) 
thrown [s\open\src\hotspot\share\interpreter\linkResolver.cpp, line 773]
Event: 17.518 Thread 0x000001b412752990 Exception <a 'java/io/FileNotFoundException'{0x0000000708c33280}> (0x0000000708c33280) 
thrown [s\open\src\hotspot\share\prims\jni.cpp, line 520]
Event: 17.544 Thread 0x000001b412752990 Exception <a 'java/lang/NullPointerException'{0x0000000708cbee58}> (0x0000000708cbee58) 
thrown [s\open\src\hotspot\share\interpreter\linkResolver.cpp, line 1372]
Event: 17.544 Thread 0x000001b412752990 Exception <a 'java/lang/NullPointerException'{0x0000000708cbf978}> (0x0000000708cbf978) 
thrown [s\open\src\hotspot\share\interpreter\linkResolver.cpp, line 1372]
Event: 17.545 Thread 0x000001b412752990 Exception <a 'java/lang/NullPointerException'{0x0000000708cc0498}> (0x0000000708cc0498) 
thrown [s\open\src\hotspot\share\interpreter\linkResolver.cpp, line 1372]
Event: 17.558 Thread 0x000001b412752990 Exception <a 'java/lang/NullPointerException'{0x0000000708ce8f48}> (0x0000000708ce8f48) 
thrown [s\open\src\hotspot\share\interpreter\linkResolver.cpp, line 1372]
Event: 17.559 Thread 0x000001b412752990 Exception <a 'java/lang/NullPointerException'{0x0000000708ce9a68}> (0x0000000708ce9a68) 
thrown [s\open\src\hotspot\share\interpreter\linkResolver.cpp, line 1372]
Event: 17.559 Thread 0x000001b412752990 Exception <a 'java/lang/NullPointerException'{0x0000000708cea588}> (0x0000000708cea588) 
thrown [s\open\src\hotspot\share\interpreter\linkResolver.cpp, line 1372]
Event: 17.561 Thread 0x000001b412752990 Exception <a 'java/io/FileNotFoundException'{0x0000000708cf5338}> (0x0000000708cf5338) 
thrown [s\open\src\hotspot\share\prims\jni.cpp, line 520]
Event: 17.614 Thread 0x000001b412752990 Implicit null exception at 0x000001b3bb98cca4 to 0x000001b3bb98d384
Event: 18.971 Thread 0x000001b412752990 Implicit null exception at 0x000001b3bb989a20 to 0x000001b3bb98a0f0
Event: 21.146 Thread 0x000001b412752990 Exception <a 'java/io/FileNotFoundException'{0x00000007081e3658}> (0x00000007081e3658) 
thrown [s\open\src\hotspot\share\prims\jni.cpp, line 520]
Event: 21.147 Thread 0x000001b412752990 Exception <a 'java/io/FileNotFoundException'{0x00000007081eedd8}> (0x00000007081eedd8) 
thrown [s\open\src\hotspot\share\prims\jni.cpp, line 520]
Event: 253.125 Thread 0x000001b412753d40 Exception <a 'java/lang/NoSuchMethodError'{0x0000000707ff4910}: 'java.lang.Object java.lang.invoke.DirectMethodHandle$Holder.invokeStatic(java.lang.Object, int, int)'> (0x0000000707ff4910) 
thrown [s\open\src\hotspot\share\interpreter\linkResolver.cpp, line 773]
Event: 10711.911 Thread 0x000001b412752300 Implicit null exception at 0x000001b3bbe4c7ce to 0x000001b3bbe4ca88
Event: 10712.906 Thread 0x000001b4127515e0 Implicit null exception at 0x000001b3bbe4c7ce to 0x000001b3bbe4ca88
Event: 10713.912 Thread 0x000001b4127515e0 Implicit null exception at 0x000001b3bbe4c7ce to 0x000001b3bbe4ca88
Event: 27926.074 Thread 0x000001b412752300 Implicit null exception at 0x000001b3bbe4c7ce to 0x000001b3bbe4ca88

ZGC Phase Switch (0 events):
No events

VM Operations (20 events):
Event: 10710.564 Executing VM operation: Cleanup
Event: 10710.961 Executing VM operation: Cleanup done
Event: 27926.162 Executing VM operation: Cleanup
Event: 27926.268 Executing VM operation: Cleanup done
Event: 27946.388 Executing VM operation: Cleanup
Event: 27946.388 Executing VM operation: Cleanup done
Event: 28887.006 Executing VM operation: Cleanup
Event: 28887.006 Executing VM operation: Cleanup done
Event: 28977.613 Executing VM operation: Cleanup
Event: 28977.613 Executing VM operation: Cleanup done
Event: 29257.339 Executing VM operation: Cleanup
Event: 29257.339 Executing VM operation: Cleanup done
Event: 29716.258 Executing VM operation: Cleanup
Event: 29716.258 Executing VM operation: Cleanup done
Event: 30886.683 Executing VM operation: Cleanup
Event: 30886.683 Executing VM operation: Cleanup done
Event: 30976.259 Executing VM operation: Cleanup
Event: 30976.259 Executing VM operation: Cleanup done
Event: 31208.703 Executing VM operation: Cleanup
Event: 31208.703 Executing VM operation: Cleanup done

Events (20 events):
Event: 2530.961 Thread 0x000001b41207a290 Thread added: 0x000001b41207a290
Event: 2530.962 Thread 0x000001b412077b30 Thread added: 0x000001b412077b30
Event: 2531.002 Thread 0x000001b4142fb420 Thread added: 0x000001b4142fb420
Event: 2531.003 Thread 0x000001b416ba1010 Thread added: 0x000001b416ba1010
Event: 2535.964 Thread 0x000001b41207a290 Thread exited: 0x000001b41207a290
Event: 2536.156 Thread 0x000001b412077b30 Thread exited: 0x000001b412077b30
Event: 2536.175 Thread 0x000001b416ba1010 Thread exited: 0x000001b416ba1010
Event: 2536.339 Thread 0x000001b4142fb420 Thread exited: 0x000001b4142fb420
Event: 10710.963 Thread 0x000001b416ba1010 Thread added: 0x000001b416ba1010
Event: 10711.006 Thread 0x000001b4142fb420 Thread added: 0x000001b4142fb420
Event: 27926.268 Thread 0x000001b416ba1010 Thread exited: 0x000001b416ba1010
Event: 27926.268 Thread 0x000001b4142fb420 Thread exited: 0x000001b4142fb420
Event: 27945.630 Thread 0x000001b412077b30 Thread added: 0x000001b412077b30
Event: 27945.632 Thread 0x000001b41207b640 Thread added: 0x000001b41207b640
Event: 27950.639 Thread 0x000001b412077b30 Thread exited: 0x000001b412077b30
Event: 27950.892 Thread 0x000001b41207b640 Thread exited: 0x000001b41207b640
Event: 29715.552 Thread 0x000001b412077b30 Thread added: 0x000001b412077b30
Event: 29715.553 Thread 0x000001b41207a920 Thread added: 0x000001b41207a920
Event: 29723.637 Thread 0x000001b412077b30 Thread exited: 0x000001b412077b30
Event: 29723.709 Thread 0x000001b41207a920 Thread exited: 0x000001b41207a920


Dynamic libraries:
0x00007ff7d6360000 - 0x00007ff7d6370000 	C:\Program Files\Java\jdk-21\bin\java.exe
0x00007fff529a0000 - 0x00007fff52c07000 	C:\WINDOWS\SYSTEM32\ntdll.dll
0x00007fff51660000 - 0x00007fff51729000 	C:\WINDOWS\System32\KERNEL32.DLL
0x00007fff4fdc0000 - 0x00007fff501b1000 	C:\WINDOWS\System32\KERNELBASE.dll
0x00007fff503d0000 - 0x00007fff5051b000 	C:\WINDOWS\System32\ucrtbase.dll
0x00007fff4bba0000 - 0x00007fff4bbbb000 	C:\Program Files\Java\jdk-21\bin\VCRUNTIME140.dll
0x00007fff40200000 - 0x00007fff40219000 	C:\Program Files\Java\jdk-21\bin\jli.dll
0x00007fff507c0000 - 0x00007fff5087b000 	C:\WINDOWS\System32\ADVAPI32.dll
0x00007fff522b0000 - 0x00007fff52359000 	C:\WINDOWS\System32\msvcrt.dll
0x00007fff518f0000 - 0x00007fff51997000 	C:\WINDOWS\System32\sechost.dll
0x00007fff52190000 - 0x00007fff522a8000 	C:\WINDOWS\System32\RPCRT4.dll
0x00007fff51fb0000 - 0x00007fff52175000 	C:\WINDOWS\System32\USER32.dll
0x00007fff503a0000 - 0x00007fff503c7000 	C:\WINDOWS\System32\win32u.dll
0x00007fff52460000 - 0x00007fff5248b000 	C:\WINDOWS\System32\GDI32.dll
0x00007fff50270000 - 0x00007fff5039b000 	C:\WINDOWS\System32\gdi32full.dll
0x00007fff50690000 - 0x00007fff50733000 	C:\WINDOWS\System32\msvcp_win.dll
0x00007fff4e680000 - 0x00007fff4e913000 	C:\WINDOWS\WinSxS\amd64_microsoft.windows.common-controls_6595b64144ccf1df_6.0.26100.8037_none_3e092faae333b53b\COMCTL32.dll
0x00007fff41af0000 - 0x00007fff41afb000 	C:\WINDOWS\SYSTEM32\VERSION.dll
0x00007fff52630000 - 0x00007fff52661000 	C:\WINDOWS\System32\IMM32.DLL
0x00007fff401f0000 - 0x00007fff401fc000 	C:\Program Files\Java\jdk-21\bin\vcruntime140_1.dll
0x00007fff2ac00000 - 0x00007fff2ac8e000 	C:\Program Files\Java\jdk-21\bin\msvcp140.dll
0x00007ffe7d410000 - 0x00007ffe7e12d000 	C:\Program Files\Java\jdk-21\bin\server\jvm.dll
0x00007fff50740000 - 0x00007fff507b4000 	C:\WINDOWS\System32\WS2_32.dll
0x00007fff4f0e0000 - 0x00007fff4f13e000 	C:\WINDOWS\SYSTEM32\POWRPROF.dll
0x00007fff3d630000 - 0x00007fff3d665000 	C:\WINDOWS\SYSTEM32\WINMM.dll
0x00007fff4f0c0000 - 0x00007fff4f0d4000 	C:\WINDOWS\SYSTEM32\UMPDC.dll
0x00007fff4d6e0000 - 0x00007fff4d6fb000 	C:\WINDOWS\SYSTEM32\kernel.appcore.dll
0x00007fff401e0000 - 0x00007fff401ea000 	C:\Program Files\Java\jdk-21\bin\jimage.dll
0x00007fff4ea30000 - 0x00007fff4ec72000 	C:\WINDOWS\SYSTEM32\DBGHELP.DLL
0x00007fff50a80000 - 0x00007fff50e02000 	C:\WINDOWS\System32\combase.dll
0x00007fff51a30000 - 0x00007fff51b07000 	C:\WINDOWS\System32\OLEAUT32.dll
0x00007fff4e920000 - 0x00007fff4e95b000 	C:\WINDOWS\SYSTEM32\dbgcore.DLL
0x00007fff501c0000 - 0x00007fff50265000 	C:\WINDOWS\System32\bcryptPrimitives.dll
0x00007fff401c0000 - 0x00007fff401cf000 	C:\Program Files\Java\jdk-21\bin\instrument.dll
0x00007fff3a1a0000 - 0x00007fff3a1bf000 	C:\Program Files\Java\jdk-21\bin\java.dll
0x00007fff50e90000 - 0x00007fff515ef000 	C:\WINDOWS\System32\SHELL32.dll
0x00007fff50520000 - 0x00007fff5068a000 	C:\WINDOWS\System32\wintypes.dll
0x00007fff4f340000 - 0x00007fff4fba4000 	C:\WINDOWS\System32\windows.storage.dll
0x00007fff51730000 - 0x00007fff51827000 	C:\WINDOWS\System32\SHCORE.dll
0x00007fff528e0000 - 0x00007fff52947000 	C:\WINDOWS\System32\shlwapi.dll
0x00007fff4f1a0000 - 0x00007fff4f1c9000 	C:\WINDOWS\SYSTEM32\profapi.dll
0x00007fff229e0000 - 0x00007fff22ab7000 	C:\Program Files\Java\jdk-21\bin\jsvml.dll
0x00007fff349f0000 - 0x00007fff34a08000 	C:\Program Files\Java\jdk-21\bin\zip.dll
0x00007fff37720000 - 0x00007fff37730000 	C:\Program Files\Java\jdk-21\bin\net.dll
0x00007fff41b90000 - 0x00007fff41cb7000 	C:\WINDOWS\SYSTEM32\WINHTTP.dll
0x00007fff4dc10000 - 0x00007fff4dc7b000 	C:\WINDOWS\system32\mswsock.dll
0x00007fff34a10000 - 0x00007fff34a26000 	C:\Program Files\Java\jdk-21\bin\nio.dll
0x00007fff348f0000 - 0x00007fff348f9000 	C:\Program Files\Java\jdk-21\bin\extnet.dll
0x00007fff2abf0000 - 0x00007fff2abfe000 	C:\Program Files\Java\jdk-21\bin\sunmscapi.dll
0x00007fff4fc40000 - 0x00007fff4fdb7000 	C:\WINDOWS\System32\CRYPT32.dll
0x00007fff4e340000 - 0x00007fff4e370000 	C:\WINDOWS\SYSTEM32\ncrypt.dll
0x00007fff4e2b0000 - 0x00007fff4e2ef000 	C:\WINDOWS\SYSTEM32\NTASN1.dll
0x00007fff4eda0000 - 0x00007fff4edbb000 	C:\WINDOWS\SYSTEM32\CRYPTSP.dll
0x00007fff4e000000 - 0x00007fff4e039000 	C:\WINDOWS\system32\rsaenh.dll
0x00007fff4dc80000 - 0x00007fff4dcb2000 	C:\WINDOWS\SYSTEM32\USERENV.dll
0x00007fff4f170000 - 0x00007fff4f19a000 	C:\WINDOWS\SYSTEM32\bcrypt.dll
0x00007fff4dff0000 - 0x00007fff4dffc000 	C:\WINDOWS\SYSTEM32\CRYPTBASE.dll
0x00007fff4d1c0000 - 0x00007fff4d1f3000 	C:\WINDOWS\SYSTEM32\IPHLPAPI.DLL
0x00007fff52950000 - 0x00007fff5295a000 	C:\WINDOWS\System32\NSI.dll
0x00007fff2abe0000 - 0x00007fff2abea000 	C:\Program Files\Java\jdk-21\bin\management.dll
0x00007fff28f60000 - 0x00007fff28f6b000 	C:\Program Files\Java\jdk-21\bin\management_ext.dll
0x00007fff52180000 - 0x00007fff52188000 	C:\WINDOWS\System32\PSAPI.DLL
0x00007fff4d2a0000 - 0x00007fff4d3ca000 	C:\WINDOWS\SYSTEM32\DNSAPI.dll
0x00007fff467e0000 - 0x00007fff467eb000 	C:\Windows\System32\rasadhlp.dll
0x00007fff488b0000 - 0x00007fff48936000 	C:\WINDOWS\System32\fwpuclnt.dll
0x00007fff269b0000 - 0x00007fff269c0000 	C:\Program Files\Java\jdk-21\bin\verify.dll
0x00007ffeebd40000 - 0x00007ffeebd48000 	C:\WINDOWS\system32\wshunix.dll
0x00007fff33ef0000 - 0x00007fff33f08000 	C:\WINDOWS\system32\napinsp.dll
0x00007fff33ed0000 - 0x00007fff33ee2000 	C:\WINDOWS\System32\winrnr.dll
0x00007fff33ea0000 - 0x00007fff33ec2000 	C:\WINDOWS\system32\nlansp_c.dll
0x00007fff3ecf0000 - 0x00007fff3ed06000 	C:\WINDOWS\system32\wshbth.dll

dbghelp: loaded successfully - version: 4.0.5 - missing functions: none
symbol engine: initialized successfully - sym options: 0x614 - pdb path: .;C:\Program Files\Java\jdk-21\bin;C:\WINDOWS\SYSTEM32;C:\WINDOWS\WinSxS\amd64_microsoft.windows.common-controls_6595b64144ccf1df_6.0.26100.8037_none_3e092faae333b53b;C:\Program Files\Java\jdk-21\bin\server

VM Arguments:
jvm_args: -javaagent:C:\Program Files\JetBrains\IntelliJ IDEA Community Edition 2025.2.4\lib\idea_rt.jar=60057 -Dfile.encoding=UTF-8 -Dsun.stdout.encoding=UTF-8 -Dsun.stderr.encoding=UTF-8 
java_command: io.feeflow.FeeflowBackendApplication
java_class_path (initial): C:\Desktop\feeflow-backend\feeflow-api\target\classes;C:\Users\DEEPAK KUMAR\.m2\repository\org\springframework\boot\spring-boot-starter\3.4.3\spring-boot-starter-3.4.3.jar;C:\Users\DEEPAK KUMAR\.m2\repository\org\springframework\boot\spring-boot\3.4.3\spring-boot-3.4.3.jar;C:\Users\DEEPAK KUMAR\.m2\repository\org\springframework\spring-context\6.2.3\spring-context-6.2.3.jar;C:\Users\DEEPAK KUMAR\.m2\repository\org\springframework\boot\spring-boot-autoconfigure\3.4.3\spring-boot-autoconfigure-3.4.3.jar;C:\Users\DEEPAK KUMAR\.m2\repository\org\springframework\boot\spring-boot-starter-logging\3.4.3\spring-boot-starter-logging-3.4.3.jar;C:\Users\DEEPAK KUMAR\.m2\repository\ch\qos\logback\logback-classic\1.5.16\logback-classic-1.5.16.jar;C:\Users\DEEPAK KUMAR\.m2\repository\ch\qos\logback\logback-core\1.5.16\logback-core-1.5.16.jar;C:\Users\DEEPAK KUMAR\.m2\repository\org\slf4j\slf4j-api\2.0.16\slf4j-api-2.0.16.jar;C:\Users\DEEPAK KUMAR\.m2\repository\org\apache\logging\log4j\log4j-to-slf4j\2.24.3\log4j-to-slf4j-2.24.3.jar;C:\Users\DEEPAK KUMAR\.m2\repository\org\apache\logging\log4j\log4j-api\2.24.3\log4j-api-2.24.3.jar;C:\Users\DEEPAK KUMAR\.m2\repository\org\slf4j\jul-to-slf4j\2.0.16\jul-to-slf4j-2.0.16.jar;C:\Users\DEEPAK KUMAR\.m2\repository\jakarta\annotation\jakarta.annotation-api\2.1.1\jakarta.annotation-api-2.1.1.jar;C:\Users\DEEPAK KUMAR\.m2\repository\org\springframework\spring-core\6.2.3\spring-core-6.2.3.jar;C:\Users\DEEPAK KUMAR\.m2\repository\org\springframework\spring-jcl\6.2.3\spring-jcl-6.2.3.jar;C:\Users\DEEPAK KUMAR\.m2\repository\org\yaml\snakeyaml\2.3\snakeyaml-2.3.jar;C:\Users\DEEPAK KUMAR\.m2\repository\org\springframework\boot\spring-boot-starter-web\3.4.3\spring-boot-starter-web-3.4.3.jar;C:\Users\DEEPAK KUMAR\.m2\repository\org\springframework\boot\spring-boot-starter-json\3.4.3\spring-boot-starter-json-3.4.3.jar;C:\Users\DEEPAK KUMAR\.m2\repository\com\fasterxml\jackson\core\jackson-databind\2.18.2\jackson-databind-2.18.2.jar;C:\Users\DEEPAK KUMAR\.m2\repository\com\fasterxml\jackson\datatype\jackson-datatype-jdk8\2.18.2\jackson-datatype-jdk8-2.18.2.jar;C:\Users\DEEPAK KUMAR\.m2\repository\com\fasterxml\jackson\module\jackson-module-parameter-names\2.18.2\jackson-module-parameter-names-2.18.2.jar;C:\Users\DEEPAK KUMAR\.m2\repository\org\springframework\boot\spring-boot-starter-tomcat\3.4.3\spring-boot-starter-tomcat-3.4.3.jar;C:\Users\DEEPAK KUMAR\.m2\repository\org\apache\tomcat\embed\tomcat-embed-core\10.1.36\tomcat-embed-core-10.1.36.jar;C:\Users\DEEPAK KUMAR\.m2\repository\org\apache\tomcat\embed\tomcat-embed-el\10.1.36\tomcat-embed-el-10.1.36.jar;C:\Users\DEEPAK KUMAR\.m2\repository\org\apache\tomcat\embed\tomcat-embed-websocket\10.1.36\tomcat-embed-websocket-10.1.36.jar;C:\Users\DEEPAK KUMAR\.m2\repository\org\springframework\spring-web\6.2.3\spring-web-6.2.3.jar;C:\Users\DEEPAK KUMAR\.m2\repository\org\springframework\spring-beans\6.2.3\spring-beans-6.2.3.jar;C:\Users\DEEPAK KUMAR\.m2\repository\io\micrometer\micrometer-observation\1.14.4\micrometer-observation-1.14.4.jar;C:\Users\DEEPAK KUMAR\.m2\repository\io\micrometer\micrometer-commons\1.14.4\micrometer-commons-1.14.4.jar;C:\Users\DEEPAK KUMAR\.m2\repository\org\springframework\spring-webmvc\6.2.3\spring-webmvc-6.2.3.jar;C:\Users\DEEPAK KUMAR\.m2\repository\org\springframework\spring-aop\6.2.3\spring-aop-6.2.3.jar;C:\Users\DEEPAK KUMAR\.m2\repository\org\springframework\spring-expression\6.2.3\spring-expression-6.2.3.jar;C:\Users\DEEPAK KUMAR\.m2\repository\org\springframework\boot\spring-boot-starter-mail\3.4.3\spring-boot-starter-mail-3.4.3.jar;C:\Users\DEEPAK KUMAR\.m2\repository\org\springframework\spring-context-support\6.2.3\spring-context-support-6.2.3.jar;C:\Users\DEEPAK KUMAR\.m2\repository\org\eclipse\angus\jakarta.mail\2.0.3\jakarta.mail-2.0.3.jar;C:\Users\DEEPAK KUMAR\.m2\repository\jakarta\activation\jakarta.activation-api\2.1.3\jakarta.activation-api-2.1.3.jar;C:\Users\DEEPAK KUMAR\.m2\repository\org\eclipse\angus\angus-activation\2.0.2\angus-activation-2.0.2.jar;C:\Users\DEEPAK KUMAR\.m2\repository\org\flywaydb\flyway-core\10.20.1\flyway-core-10.20.1.jar;C:\Users\DEEPAK KUMAR\.m2\repository\com\fasterxml\jackson\dataformat\jackson-dataformat-toml\2.18.2\jackson-dataformat-toml-2.18.2.jar;C:\Users\DEEPAK KUMAR\.m2\repository\com\fasterxml\jackson\core\jackson-core\2.18.2\jackson-core-2.18.2.jar;C:\Users\DEEPAK KUMAR\.m2\repository\com\fasterxml\jackson\datatype\jackson-datatype-jsr310\2.18.2\jackson-datatype-jsr310-2.18.2.jar;C:\Users\DEEPAK KUMAR\.m2\repository\com\fasterxml\jackson\core\jackson-annotations\2.18.2\jackson-annotations-2.18.2.jar;C:\Users\DEEPAK KUMAR\.m2\repository\org\flywaydb\flyway-database-postgresql\10.20.1\flyway-database-postgresql-10.20.1.jar;C:\Users\DEEPAK KUMAR\.m2\repository\org\postgresql\postgresql\42.7.5\postgresql-42.7.5.jar;C:\Users\DEEPAK KUMAR\.m2\repository\org\checkerframework\checker-qual\3.48.3\checker-qual-3.48.3.jar;C:\Users\DEEPAK KUMAR\.m2\repository\org\projectlombok\lombok\1.18.30\lombok-1.18.30.jar;C:\Desktop\feeflow-backend\feeflow-auth\target\classes;C:\Users\DEEPAK KUMAR\.m2\repository\org\springframework\boot\spring-boot-starter-security\3.4.3\spring-boot-starter-security-3.4.3.jar;C:\Users\DEEPAK KUMAR\.m2\repository\org\springframework\security\spring-security-config\6.4.3\spring-security-config-6.4.3.jar;C:\Users\DEEPAK KUMAR\.m2\repository\org\springframework\security\spring-security-core\6.4.3\spring-security-core-6.4.3.jar;C:\Users\DEEPAK KUMAR\.m2\repository\org\springframework\security\spring-security-crypto\6.4.3\spring-security-crypto-6.4.3.jar;C:\Users\DEEPAK KUMAR\.m2\repository\org\springframework\security\spring-security-web\6.4.3\spring-security-web-6.4.3.jar;C:\Users\DEEPAK KUMAR\.m2\repository\org\springframework\boot\spring-boot-starter-data-jpa\3.4.3\spring-boot-starter-data-jpa-3.4.3.jar;C:\Users\DEEPAK KUMAR\.m2\repository\org\springframework\boot\spring-boot-starter-jdbc\3.4.3\spring-boot-starter-jdbc-3.4.3.jar;C:\Users\DEEPAK KUMAR\.m2\repository\com\zaxxer\HikariCP\5.1.0\HikariCP-5.1.0.jar;C:\Users\DEEPAK KUMAR\.m2\repository\org\springframework\spring-jdbc\6.2.3\spring-jdbc-6.2.3.jar;C:\Users\DEEPAK KUMAR\.m2\repository\org\hibernate\orm\hibernate-core\6.6.8.Final\hibernate-core-6.6.8.Final.jar;C:\Users\DEEPAK KUMAR\.m2\repository\jakarta\persistence\jakarta.persistence-api\3.1.0\jakarta.persistence-api-3.1.0.jar;C:\Users\DEEPAK KUMAR\.m2\repository\jakarta\transaction\jakarta.transaction-api\2.0.1\jakarta.transaction-api-2.0.1.jar;C:\Users\DEEPAK KUMAR\.m2\repository\org\jboss\logging\jboss-logging\3.6.1.Final\jboss-logging-3.6.1.Final.jar;C:\Users\DEEPAK KUMAR\.m2\repository\org\hibernate\common\hibernate-commons-annotations\7.0.3.Final\hibernate-commons-annotations-7.0.3.Final.jar;C:\Users\DEEPAK KUMAR\.m2\repository\io\smallrye\jandex\3.2.0\jandex-3.2.0.jar;C:\Users\DEEPAK KUMAR\.m2\repository\com\fasterxml\classmate\1.7.0\classmate-1.7.0.jar;C:\Users\DEEPAK KUMAR\.m2\repository\net\bytebuddy\byte-buddy\1.15.11\byte-buddy-1.15.11.jar;C:\Users\DEEPAK KUMAR\.m2\repository\jakarta\xml\bind\jakarta.xml.bind-api\4.0.2\jakarta.xml.bind-api-4.0.2.jar;C:\Users\DEEPAK KUMAR\.m2\repository\org\glassfish\jaxb\jaxb-runtime\4.0.5\jaxb-runtime-4.0.5.jar;C:\Users\DEEPAK KUMAR\.m2\repository\org\glassfish\jaxb\jaxb-core\4.0.5\jaxb-core-4.0.5.jar;C:\Users\DEEPAK KUMAR\.m2\repository\org\glassfish\jaxb\txw2\4.0.5\txw2-4.0.5.jar;C:\Users\DEEPAK KUMAR\.m2\repository\com\sun\istack\istack-commons-runtime\4.1.2\istack-commons-runtime-4.1.2.jar;C:\Users\DEEPAK KUMAR\.m2\repository\jakarta\inject\jakarta.inject-api\2.0.1\jakarta.inject-api-2.0.1.jar;C:\Users\DEEPAK KUMAR\.m2\repository\org\antlr\antlr4-runtime\4.13.0\antlr4-runtime-4.13.0.jar;C:\Users\DEEPAK KUMAR\.m2\repository\org\springframework\data\spring-data-jpa\3.4.3\spring-data-jpa-3.4.3.jar;C:\Users\DEEPAK KUMAR\.m2\repository\org\springframework\data\spring-data-commons\3.4.3\spring-data-commons-3.4.3.jar;C:\Users\DEEPAK KUMAR\.m2\repository\org\springframework\spring-orm\6.2.3\spring-orm-6.2.3.jar;C:\Users\DEEPAK KUMAR\.m2\repository\org\springframework\spring-tx\6.2.3\spring-tx-6.2.3.jar;C:\Users\DEEPAK KUMAR\.m2\repository\org\springframework\spring-aspects\6.2.3\spring-aspects-6.2.3.jar;C:\Users\DEEPAK KUMAR\.m2\repository\org\aspectj\aspectjweaver\1.9.22.1\aspectjweaver-1.9.22.1.jar;C:\Users\DEEPAK KUMAR\.m2\repository\io\jsonwebtoken\jjwt-api\0.12.5\jjwt-api-0.12.5.jar;C:\Users\DEEPAK KUMAR\.m2\repository\io\jsonwebtoken\jjwt-impl\0.12.5\jjwt-impl-0.12.5.jar;C:\Users\DEEPAK KUMAR\.m2\repository\io\jsonwebtoken\jjwt-jackson\0.12.5\jjwt-jackson-0.12.5.jar;C:\Desktop\feeflow-backend\feeflow-common\target\classes;C:\Users\DEEPAK KUMAR\.m2\repository\org\springframework\boot\spring-boot-starter-validation\3.4.3\spring-boot-starter-validation-3.4.3.jar;C:\Users\DEEPAK KUMAR\.m2\repository\org\hibernate\validator\hibernate-validator\8.0.2.Final\hibernate-validator-8.0.2.Final.jar;C:\Users\DEEPAK KUMAR\.m2\repository\jakarta\validation\jakarta.validation-api\3.0.2\jakarta.validation-api-3.0.2.jar
Launcher Type: SUN_STANDARD

[Global flags]
     intx CICompilerCount                          = 4                                         {product} {ergonomic}
     uint ConcGCThreads                            = 2                                         {product} {ergonomic}
     uint G1ConcRefinementThreads                  = 8                                         {product} {ergonomic}
   size_t G1HeapRegionSize                         = 2097152                                   {product} {ergonomic}
    uintx GCDrainStackTargetSize                   = 64                                        {product} {ergonomic}
   size_t InitialHeapSize                          = 266338304                                 {product} {ergonomic}
   size_t MarkStackSize                            = 4194304                                   {product} {ergonomic}
   size_t MaxHeapSize                              = 4238344192                                {product} {ergonomic}
   size_t MaxNewSize                               = 2541748224                                {product} {ergonomic}
   size_t MinHeapDeltaBytes                        = 2097152                                   {product} {ergonomic}
   size_t MinHeapSize                              = 8388608                                   {product} {ergonomic}
    uintx NonNMethodCodeHeapSize                   = 5839372                                {pd product} {ergonomic}
    uintx NonProfiledCodeHeapSize                  = 122909434                              {pd product} {ergonomic}
    uintx ProfiledCodeHeapSize                     = 122909434                              {pd product} {ergonomic}
    uintx ReservedCodeCacheSize                    = 251658240                              {pd product} {ergonomic}
     bool SegmentedCodeCache                       = true                                      {product} {ergonomic}
   size_t SoftMaxHeapSize                          = 4238344192                             {manageable} {ergonomic}
     bool UseCompressedOops                        = true                           {product lp64_product} {ergonomic}
     bool UseG1GC                                  = true                                      {product} {ergonomic}
     bool UseLargePagesIndividualAllocation        = false                                  {pd product} {ergonomic}

Logging:
Log output configuration:
 #0: stdout all=warning uptime,level,tags foldmultilines=false
 #1: stderr all=off uptime,level,tags foldmultilines=false

Environment Variables:
JAVA_HOME=C:\Program Files\Java\jdk-21;C:\Program Files\Java\jdk-17
PATH=C:\Program Files\Common Files\Oracle\Java\javapath;C:\WINDOWS\system32;C:\WINDOWS;C:\WINDOWS\System32\Wbem;C:\WINDOWS\System32\WindowsPowerShell\v1.0\;C:\WINDOWS\System32\OpenSSH\;D:\programFiles\Git\cmd;D:\programFiles\nodejs\;C:\Program Files\MongoDB\Server\6.0\bin;D:\programFiles\;C:\tools;;C:\minikube;C:\ProgramData\chocolatey\bin;C:\Program Files\Amazon\AWSCLI\bin\;D:\xampp2\php;C:\ProgramData\ComposerSetup\bin;C:\Program Files\Docker\Docker\resources\bin;C:\WINDOWS\system32;C:\WINDOWS;C:\WINDOWS\System32\Wbem;C:\WINDOWS\System32\WindowsPowerShell\v1.0\;C:\WINDOWS\System32\OpenSSH\;C:\Users\DEEPAK KUMAR\scoop\shims;C:\Users\DEEPAK KUMAR\AppData\Local\Microsoft\WindowsApps;C:\Users\DEEPAK KUMAR\AppData\Local\ComposerSetup\bin;C:\Users\DEEPAK KUMAR\AppData\Roaming\Composer\vendor\bin;C:\Users\DEEPAK KUMAR\AppData\Roaming\npm;C:\Program Files\MongoDB\Server\6.0\bin;D:\programFiles\Microsoft VS Code\bin;D:\xampp\mysql\bin;C:\tools;C:\Program Files\Java\jdk-17\bin;C:\Program Files\spring-1.3.0.M1\bin;SPRING_HOME\bin;C:\Program Files\spring\;C:\Users\DEEPAK KUMAR\AppData\Local\Python\bin
USERNAME=DEEPAK KUMAR
OS=Windows_NT
PROCESSOR_IDENTIFIER=Intel64 Family 6 Model 140 Stepping 2, GenuineIntel
TMP=C:\Users\DEEPAK~1\AppData\Local\Temp
TEMP=C:\Users\DEEPAK~1\AppData\Local\Temp




Periodic native trim disabled

---------------  S Y S T E M  ---------------

OS:
 Windows 11 , 64 bit Build 26100 (10.0.26100.7920)
OS uptime: 0 days 13:04 hours
Hyper-V role detected

CPU: total 8 (initial active 8) (4 cores per cpu, 2 threads per core) family 6 model 140 stepping 2 microcode 0x16, cx8, cmov, fxsr, ht, mmx, 3dnowpref, sse, sse2, sse3, ssse3, sse4.1, sse4.2, popcnt, lzcnt, tsc, tscinvbit, avx, avx2, aes, erms, clmul, bmi1, bmi2, adx, avx512f, avx512dq, avx512cd, avx512bw, avx512vl, sha, fma, vzeroupper, avx512_vpopcntdq, avx512_vpclmulqdq, avx512_vaes, avx512_vnni, clflush, clflushopt, clwb, avx512_vbmi2, avx512_vbmi, hv, rdtscp, rdpid, fsrm, gfni, avx512_bitalg, f16c, cet_ibt, cet_ss, avx512_ifma
Processor Information for processor 0
  Max Mhz: 3187, Current Mhz: 3187, Mhz Limit: 3187
Processor Information for processor 1
  Max Mhz: 3187, Current Mhz: 1195, Mhz Limit: 3187
Processor Information for processor 2
  Max Mhz: 3187, Current Mhz: 1195, Mhz Limit: 3187
Processor Information for processor 3
  Max Mhz: 3187, Current Mhz: 3187, Mhz Limit: 3187
Processor Information for processor 4
  Max Mhz: 3187, Current Mhz: 1195, Mhz Limit: 3187
Processor Information for processor 5
  Max Mhz: 3187, Current Mhz: 1195, Mhz Limit: 3187
Processor Information for processor 6
  Max Mhz: 3187, Current Mhz: 3187, Mhz Limit: 3187
Processor Information for processor 7
  Max Mhz: 3187, Current Mhz: 3187, Mhz Limit: 3187

Memory: 4k page, system-wide physical 16167M (6037M free)
TotalPageFile size 45680M (AvailPageFile size 0M)
current process WorkingSet (physical memory assigned to process): 56M, peak: 326M
current process commit charge ("private bytes"): 329M, peak: 402M

vm_info: Java HotSpot(TM) 64-Bit Server VM (21.0.9+7-LTS-338) for windows-amd64 JRE (21.0.9+7-LTS-338), built on 2025-09-26T06:33:49Z by "mach5run" with MS VC++ 17.6 (VS2022)

END.
